{
  "RSpec": {
    "coverage": {
      "/home/craig_s/Development/code/pre-work/tic-tac-toe-rb/lib/tic_tac_toe.rb": [
        null,
        1,
        null,
        null,
        null,
        null,
        null,
        null,
        null,
        null,
        null,
        1,
        25,
        25,
        25,
        25,
        25,
        null,
        null,
        1,
        24,
        null,
        null,
        1,
        23,
        null,
        null,
        1,
        4,
        2,
        null,
        2,
        null,
        null,
        null,
        1,
        24,
        24,
        21,
        null,
        3,
        null,
        null,
        null,
        1,
        29,
        29,
        261,
        45,
        null,
        null,
        29,
        null,
        null,
        1,
        21,
        14,
        7,
        7,
        null,
        null,
        null,
        1,
        21,
        21,
        21,
        21,
        20,
        20,
        null,
        1,
        null,
        null,
        null,
        1,
        43,
        275,
        275,
        275,
        null,
        275,
        275,
        275,
        null,
        275,
        14,
        261,
        4,
        null,
        null,
        25,
        null,
        null,
        1,
        43,
        194,
        null,
        null,
        null,
        1,
        30,
        7,
        null,
        23,
        null,
        null,
        null,
        1,
        22,
        10,
        null,
        12,
        null,
        null,
        null,
        1,
        7,
        7,
        7,
        null,
        6,
        2,
        null,
        4,
        null,
        null,
        null,
        1,
        12,
        18,
        null,
        null,
        12,
        5,
        7,
        3,
        null,
        null,
        null,
        null,
        null,
        null,
        null,
        null,
        null
      ]
    },
    "timestamp": 1628643957
  }
}
